<?xml version="1.0" encoding="UTF-8"?>
<!-- Generated by org.testng.reporters.JUnitXMLReporter -->
<testsuite hostname="Admin-PC" ignored="0" name="HMS ADMIN LOGIN TESTCASES" tests="10" failures="0" timestamp="20 Mar 2021 05:37:07 GMT" time="16.907" errors="0">
  <testcase name="@BeforeMethod setup" time="6.275" classname="hmsadminlogin.loginpagetest">
    <failure type="org.openqa.selenium.SessionNotCreatedException" message="session not created
from disconnected: received Inspector.detached event
  (Session info: chrome=89.0.4389.90)
Build info: version: &amp;apos;3.141.59&amp;apos;, revision: &amp;apos;e82be7d358&amp;apos;, time: &amp;apos;2018-11-14T08:17:03&amp;apos;
System info: host: &amp;apos;ADMIN-PC&amp;apos;, ip: &amp;apos;192.168.1.8&amp;apos;, os.name: &amp;apos;Windows 7&amp;apos;, os.arch: &amp;apos;amd64&amp;apos;, os.version: &amp;apos;6.1&amp;apos;, java.version: &amp;apos;1.8.0_191&amp;apos;
Driver info: driver.version: ChromeDriver
remote stacktrace: Backtrace:
	GetHandleVerifier [0x00A2B963+483]
	GetHandleVerifier [0x00A2B941+449]
	GetHandleVerifier [0x00DD3308+3832712]
	GetHandleVerifier [0x00DC8314+3787668]
	GetHandleVerifier [0x00DC8028+3786920]
	GetHandleVerifier [0x00DC76CD+3784525]
	GetHandleVerifier [0x00DC6A47+3781319]
	GetHandleVerifier [0x00DC6E36+3782326]
	GetHandleVerifier [0x00DC6765+3780581]
	GetHandleVerifier [0x00DCFB21+3818401]
	GetHandleVerifier [0x00DC6721+3780513]
	GetHandleVerifier [0x00DC74B2+3783986]
	GetHandleVerifier [0x00DC6A47+3781319]
	GetHandleVerifier [0x00DC6E36+3782326]
	GetHandleVerifier [0x00DC6765+3780581]
	GetHandleVerifier [0x00DCDF9C+3811356]
	GetHandleVerifier [0x00DC6721+3780513]
	GetHandleVerifier [0x00DC74B2+3783986]
	GetHandleVerifier [0x00DC6A47+3781319]
	GetHandleVerifier [0x00DC6E36+3782326]
	GetHandleVerifier [0x00DC6765+3780581]
	GetHandleVerifier [0x00DCC392+3804178]
	GetHandleVerifier [0x00DC6721+3780513]
	GetHandleVerifier [0x00DC74B2+3783986]
	GetHandleVerifier [0x00DC6A47+3781319]
	GetHandleVerifier [0x00DC6E36+3782326]
	GetHandleVerifier [0x00DC6765+3780581]
	GetHandleVerifier [0x00DCB655+3800789]
	GetHandleVerifier [0x00DC6721+3780513]
	GetHandleVerifier [0x00DC74B2+3783986]
	GetHandleVerifier [0x00DC6A47+3781319]
	GetHandleVerifier [0x00DC6E36+3782326]
	GetHandleVerifier [0x00DC6765+3780581]
	GetHandleVerifier [0x00DC2F46+3766214]
	GetHandleVerifier [0x00DC6721+3780513]
	GetHandleVerifier [0x00DC6543+3780035]
	GetHandleVerifier [0x00DC6337+3779511]
	GetHandleVerifier [0x00DD4540+3837376]
	GetHandleVerifier [0x00E0F4BC+4078908]
	GetHandleVerifier [0x00E0E56C+4074988]
	GetHandleVerifier [0x00E0B2EB+4062059]
	GetHandleVerifier [0x00DEED14+3945876]
	GetHandleVerifier [0x00DEFBCE+3949646]
	GetHandleVerifier [0x00DEFB59+3949529]
	Ordinal0 [0x009EB5CC+46540]
	Ordinal0 [0x009E9F53+40787]
	Ordinal0 [0x009E9B12+39698]
	GetHandleVerifier [0x00CF1468+2907368]
	GetHandleVerifier [0x00B371EE+1096302]
	GetHandleVerifier [0x00AF3E8D+821005]
	GetHandleVerifier [0x00AF396B+819691]
	GetHandleVerifier [0x00AF3881+819457]
	GetHandleVerifier [0x00B1F463+998627]
	BaseThreadInitThunk [0x769B33CA+18]
	RtlInitializeExceptionChain [0x77DA9ED2+99]
	RtlInitializeExceptionChain [0x77DA9EA5+54]
">
      <![CDATA[org.openqa.selenium.SessionNotCreatedException: session not created
from disconnected: received Inspector.detached event
  (Session info: chrome=89.0.4389.90)
Build info: version: '3.141.59', revision: 'e82be7d358', time: '2018-11-14T08:17:03'
System info: host: 'ADMIN-PC', ip: '192.168.1.8', os.name: 'Windows 7', os.arch: 'amd64', os.version: '6.1', java.version: '1.8.0_191'
Driver info: driver.version: ChromeDriver
remote stacktrace: Backtrace:
GetHandleVerifier [0x00A2B963+483]
GetHandleVerifier [0x00A2B941+449]
GetHandleVerifier [0x00DD3308+3832712]
GetHandleVerifier [0x00DC8314+3787668]
GetHandleVerifier [0x00DC8028+3786920]
GetHandleVerifier [0x00DC76CD+3784525]
GetHandleVerifier [0x00DC6A47+3781319]
GetHandleVerifier [0x00DC6E36+3782326]
GetHandleVerifier [0x00DC6765+3780581]
GetHandleVerifier [0x00DCFB21+3818401]
GetHandleVerifier [0x00DC6721+3780513]
GetHandleVerifier [0x00DC74B2+3783986]
GetHandleVerifier [0x00DC6A47+3781319]
GetHandleVerifier [0x00DC6E36+3782326]
GetHandleVerifier [0x00DC6765+3780581]
GetHandleVerifier [0x00DCDF9C+3811356]
GetHandleVerifier [0x00DC6721+3780513]
GetHandleVerifier [0x00DC74B2+3783986]
GetHandleVerifier [0x00DC6A47+3781319]
GetHandleVerifier [0x00DC6E36+3782326]
GetHandleVerifier [0x00DC6765+3780581]
GetHandleVerifier [0x00DCC392+3804178]
GetHandleVerifier [0x00DC6721+3780513]
GetHandleVerifier [0x00DC74B2+3783986]
GetHandleVerifier [0x00DC6A47+3781319]
GetHandleVerifier [0x00DC6E36+3782326]
GetHandleVerifier [0x00DC6765+3780581]
GetHandleVerifier [0x00DCB655+3800789]
GetHandleVerifier [0x00DC6721+3780513]
GetHandleVerifier [0x00DC74B2+3783986]
GetHandleVerifier [0x00DC6A47+3781319]
GetHandleVerifier [0x00DC6E36+3782326]
GetHandleVerifier [0x00DC6765+3780581]
GetHandleVerifier [0x00DC2F46+3766214]
GetHandleVerifier [0x00DC6721+3780513]
GetHandleVerifier [0x00DC6543+3780035]
GetHandleVerifier [0x00DC6337+3779511]
GetHandleVerifier [0x00DD4540+3837376]
GetHandleVerifier [0x00E0F4BC+4078908]
GetHandleVerifier [0x00E0E56C+4074988]
GetHandleVerifier [0x00E0B2EB+4062059]
GetHandleVerifier [0x00DEED14+3945876]
GetHandleVerifier [0x00DEFBCE+3949646]
GetHandleVerifier [0x00DEFB59+3949529]
Ordinal0 [0x009EB5CC+46540]
Ordinal0 [0x009E9F53+40787]
Ordinal0 [0x009E9B12+39698]
GetHandleVerifier [0x00CF1468+2907368]
GetHandleVerifier [0x00B371EE+1096302]
GetHandleVerifier [0x00AF3E8D+821005]
GetHandleVerifier [0x00AF396B+819691]
GetHandleVerifier [0x00AF3881+819457]
GetHandleVerifier [0x00B1F463+998627]
BaseThreadInitThunk [0x769B33CA+18]
RtlInitializeExceptionChain [0x77DA9ED2+99]
RtlInitializeExceptionChain [0x77DA9EA5+54]

at org.openqa.selenium.remote.W3CHandshakeResponse.lambda$errorHandler$0(W3CHandshakeResponse.java:62)
at org.openqa.selenium.remote.HandshakeResponse.lambda$getResponseFunction$0(HandshakeResponse.java:30)
at org.openqa.selenium.remote.ProtocolHandshake.lambda$createSession$0(ProtocolHandshake.java:126)
at java.util.stream.ReferencePipeline$3$1.accept(Unknown Source)
at java.util.Spliterators$ArraySpliterator.tryAdvance(Unknown Source)
at java.util.stream.ReferencePipeline.forEachWithCancel(Unknown Source)
at java.util.stream.AbstractPipeline.copyIntoWithCancel(Unknown Source)
at java.util.stream.AbstractPipeline.copyInto(Unknown Source)
at java.util.stream.AbstractPipeline.wrapAndCopyInto(Unknown Source)
at java.util.stream.FindOps$FindOp.evaluateSequential(Unknown Source)
at java.util.stream.AbstractPipeline.evaluate(Unknown Source)
at java.util.stream.ReferencePipeline.findFirst(Unknown Source)
at org.openqa.selenium.remote.ProtocolHandshake.createSession(ProtocolHandshake.java:128)
at org.openqa.selenium.remote.ProtocolHandshake.createSession(ProtocolHandshake.java:74)
at org.openqa.selenium.remote.HttpCommandExecutor.execute(HttpCommandExecutor.java:136)
at org.openqa.selenium.remote.service.DriverCommandExecutor.execute(DriverCommandExecutor.java:83)
at org.openqa.selenium.remote.RemoteWebDriver.execute(RemoteWebDriver.java:552)
at org.openqa.selenium.remote.RemoteWebDriver.startSession(RemoteWebDriver.java:213)
at org.openqa.selenium.remote.RemoteWebDriver.<init>(RemoteWebDriver.java:131)
at org.openqa.selenium.chrome.ChromeDriver.<init>(ChromeDriver.java:181)
at org.openqa.selenium.chrome.ChromeDriver.<init>(ChromeDriver.java:168)
at org.openqa.selenium.chrome.ChromeDriver.<init>(ChromeDriver.java:123)
at HMSbase.testbase.initialization(testbase.java:46)
at hmsadminlogin.loginpagetest.setup(loginpagetest.java:24)
... Removed 32 stack frames]]>
    </failure>
  </testcase> <!-- @BeforeMethod setup -->
  <testcase name="@AfterMethod testdown" time="0.0" classname="hmsadminlogin.loginpagetest">
    <skipped/>
  </testcase> <!-- @AfterMethod testdown -->
  <testcase name="@BeforeMethod setup" time="0.0" classname="hmsadminlogin.loginpagetest">
    <skipped/>
  </testcase> <!-- @BeforeMethod setup -->
  <testcase name="@AfterMethod testdown" time="0.0" classname="hmsadminlogin.loginpagetest">
    <skipped/>
  </testcase> <!-- @AfterMethod testdown -->
  <testcase name="@BeforeMethod setup" time="0.0" classname="hmsadminlogin.loginpagetest">
    <skipped/>
  </testcase> <!-- @BeforeMethod setup -->
  <testcase name="@AfterMethod testdown" time="0.0" classname="hmsadminlogin.loginpagetest">
    <skipped/>
  </testcase> <!-- @AfterMethod testdown -->
  <testcase name="@BeforeMethod setup" time="3.924" classname="homepage.homepagetest">
    <failure type="org.openqa.selenium.WebDriverException" message="unknown error: cannot determine loading status
from disconnected: Unable to receive message from renderer
  (Session info: chrome=89.0.4389.90)
Build info: version: &amp;apos;3.141.59&amp;apos;, revision: &amp;apos;e82be7d358&amp;apos;, time: &amp;apos;2018-11-14T08:17:03&amp;apos;
System info: host: &amp;apos;ADMIN-PC&amp;apos;, ip: &amp;apos;192.168.1.8&amp;apos;, os.name: &amp;apos;Windows 7&amp;apos;, os.arch: &amp;apos;amd64&amp;apos;, os.version: &amp;apos;6.1&amp;apos;, java.version: &amp;apos;1.8.0_191&amp;apos;
Driver info: org.openqa.selenium.chrome.ChromeDriver
Capabilities {acceptInsecureCerts: false, browserName: chrome, browserVersion: 89.0.4389.90, chrome: {chromedriverVersion: 88.0.4324.96 (68dba2d8a0b14..., userDataDir: C:\Users\Admin\AppData\Loca...}, goog:chromeOptions: {debuggerAddress: localhost:49191}, javascriptEnabled: true, networkConnectionEnabled: false, pageLoadStrategy: normal, platform: WINDOWS, platformName: WINDOWS, proxy: Proxy(), setWindowRect: true, strictFileInteractability: false, timeouts: {implicit: 0, pageLoad: 300000, script: 30000}, unhandledPromptBehavior: dismiss and notify, webauthn:extension:largeBlob: true, webauthn:virtualAuthenticators: true}
Session ID: f03623f2def904b151c7b620b102cc55">
      <![CDATA[org.openqa.selenium.WebDriverException: unknown error: cannot determine loading status
from disconnected: Unable to receive message from renderer
  (Session info: chrome=89.0.4389.90)
Build info: version: '3.141.59', revision: 'e82be7d358', time: '2018-11-14T08:17:03'
System info: host: 'ADMIN-PC', ip: '192.168.1.8', os.name: 'Windows 7', os.arch: 'amd64', os.version: '6.1', java.version: '1.8.0_191'
Driver info: org.openqa.selenium.chrome.ChromeDriver
Capabilities {acceptInsecureCerts: false, browserName: chrome, browserVersion: 89.0.4389.90, chrome: {chromedriverVersion: 88.0.4324.96 (68dba2d8a0b14..., userDataDir: C:\Users\Admin\AppData\Loca...}, goog:chromeOptions: {debuggerAddress: localhost:49191}, javascriptEnabled: true, networkConnectionEnabled: false, pageLoadStrategy: normal, platform: WINDOWS, platformName: WINDOWS, proxy: Proxy(), setWindowRect: true, strictFileInteractability: false, timeouts: {implicit: 0, pageLoad: 300000, script: 30000}, unhandledPromptBehavior: dismiss and notify, webauthn:extension:largeBlob: true, webauthn:virtualAuthenticators: true}
Session ID: f03623f2def904b151c7b620b102cc55
at org.openqa.selenium.remote.http.W3CHttpResponseCodec.createException(W3CHttpResponseCodec.java:187)
at org.openqa.selenium.remote.http.W3CHttpResponseCodec.decode(W3CHttpResponseCodec.java:122)
at org.openqa.selenium.remote.http.W3CHttpResponseCodec.decode(W3CHttpResponseCodec.java:49)
at org.openqa.selenium.remote.HttpCommandExecutor.execute(HttpCommandExecutor.java:158)
at org.openqa.selenium.remote.service.DriverCommandExecutor.execute(DriverCommandExecutor.java:83)
at org.openqa.selenium.remote.RemoteWebDriver.execute(RemoteWebDriver.java:552)
at org.openqa.selenium.remote.RemoteWebDriver.get(RemoteWebDriver.java:277)
at HMSbase.testbase.initialization(testbase.java:52)
at homepage.homepagetest.setup(homepagetest.java:21)
... Removed 32 stack frames]]>
    </failure>
  </testcase> <!-- @BeforeMethod setup -->
  <testcase name="@AfterMethod testdown" time="0.0" classname="homepage.homepagetest">
    <skipped/>
  </testcase> <!-- @AfterMethod testdown -->
  <testcase name="@BeforeMethod setup" time="0.0" classname="homepage.homepagetest">
    <skipped/>
  </testcase> <!-- @BeforeMethod setup -->
  <testcase name="@AfterMethod testdown" time="0.0" classname="homepage.homepagetest">
    <skipped/>
  </testcase> <!-- @AfterMethod testdown -->
  <testcase name="@BeforeMethod setup" time="2.927" classname="frontoffice.frontofficetest">
    <failure type="org.openqa.selenium.WebDriverException" message="unknown error: cannot determine loading status
from disconnected: received Inspector.detached event
  (Session info: chrome=89.0.4389.90)
Build info: version: &amp;apos;3.141.59&amp;apos;, revision: &amp;apos;e82be7d358&amp;apos;, time: &amp;apos;2018-11-14T08:17:03&amp;apos;
System info: host: &amp;apos;ADMIN-PC&amp;apos;, ip: &amp;apos;192.168.1.8&amp;apos;, os.name: &amp;apos;Windows 7&amp;apos;, os.arch: &amp;apos;amd64&amp;apos;, os.version: &amp;apos;6.1&amp;apos;, java.version: &amp;apos;1.8.0_191&amp;apos;
Driver info: org.openqa.selenium.chrome.ChromeDriver
Capabilities {acceptInsecureCerts: false, browserName: chrome, browserVersion: 89.0.4389.90, chrome: {chromedriverVersion: 88.0.4324.96 (68dba2d8a0b14..., userDataDir: C:\Users\Admin\AppData\Loca...}, goog:chromeOptions: {debuggerAddress: localhost:49207}, javascriptEnabled: true, networkConnectionEnabled: false, pageLoadStrategy: normal, platform: WINDOWS, platformName: WINDOWS, proxy: Proxy(), setWindowRect: true, strictFileInteractability: false, timeouts: {implicit: 0, pageLoad: 300000, script: 30000}, unhandledPromptBehavior: dismiss and notify, webauthn:extension:largeBlob: true, webauthn:virtualAuthenticators: true}
Session ID: 610eb039abae26bca07037f1ed638c6b">
      <![CDATA[org.openqa.selenium.WebDriverException: unknown error: cannot determine loading status
from disconnected: received Inspector.detached event
  (Session info: chrome=89.0.4389.90)
Build info: version: '3.141.59', revision: 'e82be7d358', time: '2018-11-14T08:17:03'
System info: host: 'ADMIN-PC', ip: '192.168.1.8', os.name: 'Windows 7', os.arch: 'amd64', os.version: '6.1', java.version: '1.8.0_191'
Driver info: org.openqa.selenium.chrome.ChromeDriver
Capabilities {acceptInsecureCerts: false, browserName: chrome, browserVersion: 89.0.4389.90, chrome: {chromedriverVersion: 88.0.4324.96 (68dba2d8a0b14..., userDataDir: C:\Users\Admin\AppData\Loca...}, goog:chromeOptions: {debuggerAddress: localhost:49207}, javascriptEnabled: true, networkConnectionEnabled: false, pageLoadStrategy: normal, platform: WINDOWS, platformName: WINDOWS, proxy: Proxy(), setWindowRect: true, strictFileInteractability: false, timeouts: {implicit: 0, pageLoad: 300000, script: 30000}, unhandledPromptBehavior: dismiss and notify, webauthn:extension:largeBlob: true, webauthn:virtualAuthenticators: true}
Session ID: 610eb039abae26bca07037f1ed638c6b
at org.openqa.selenium.remote.http.W3CHttpResponseCodec.createException(W3CHttpResponseCodec.java:187)
at org.openqa.selenium.remote.http.W3CHttpResponseCodec.decode(W3CHttpResponseCodec.java:122)
at org.openqa.selenium.remote.http.W3CHttpResponseCodec.decode(W3CHttpResponseCodec.java:49)
at org.openqa.selenium.remote.HttpCommandExecutor.execute(HttpCommandExecutor.java:158)
at org.openqa.selenium.remote.service.DriverCommandExecutor.execute(DriverCommandExecutor.java:83)
at org.openqa.selenium.remote.RemoteWebDriver.execute(RemoteWebDriver.java:552)
at org.openqa.selenium.remote.RemoteWebDriver.get(RemoteWebDriver.java:277)
at HMSbase.testbase.initialization(testbase.java:52)
at frontoffice.frontofficetest.setup(frontofficetest.java:25)
... Removed 32 stack frames]]>
    </failure>
  </testcase> <!-- @BeforeMethod setup -->
  <testcase name="@AfterMethod testdown" time="0.0" classname="frontoffice.frontofficetest">
    <skipped/>
  </testcase> <!-- @AfterMethod testdown -->
  <testcase name="@BeforeMethod setup" time="0.0" classname="frontoffice.frontofficetest">
    <skipped/>
  </testcase> <!-- @BeforeMethod setup -->
  <testcase name="@AfterMethod testdown" time="0.0" classname="frontoffice.frontofficetest">
    <skipped/>
  </testcase> <!-- @AfterMethod testdown -->
  <testcase name="@BeforeMethod setup" time="0.0" classname="frontoffice.frontofficetest">
    <skipped/>
  </testcase> <!-- @BeforeMethod setup -->
  <testcase name="@AfterMethod testdown" time="0.0" classname="frontoffice.frontofficetest">
    <skipped/>
  </testcase> <!-- @AfterMethod testdown -->
  <testcase name="@BeforeMethod setup" time="2.975" classname="visiterpage.visiterpagetest">
    <failure type="org.openqa.selenium.WebDriverException" message="unknown error: cannot determine loading status
from disconnected: received Inspector.detached event
  (Session info: chrome=89.0.4389.90)
Build info: version: &amp;apos;3.141.59&amp;apos;, revision: &amp;apos;e82be7d358&amp;apos;, time: &amp;apos;2018-11-14T08:17:03&amp;apos;
System info: host: &amp;apos;ADMIN-PC&amp;apos;, ip: &amp;apos;192.168.1.8&amp;apos;, os.name: &amp;apos;Windows 7&amp;apos;, os.arch: &amp;apos;amd64&amp;apos;, os.version: &amp;apos;6.1&amp;apos;, java.version: &amp;apos;1.8.0_191&amp;apos;
Driver info: org.openqa.selenium.chrome.ChromeDriver
Capabilities {acceptInsecureCerts: false, browserName: chrome, browserVersion: 89.0.4389.90, chrome: {chromedriverVersion: 88.0.4324.96 (68dba2d8a0b14..., userDataDir: C:\Users\Admin\AppData\Loca...}, goog:chromeOptions: {debuggerAddress: localhost:49221}, javascriptEnabled: true, networkConnectionEnabled: false, pageLoadStrategy: normal, platform: WINDOWS, platformName: WINDOWS, proxy: Proxy(), setWindowRect: true, strictFileInteractability: false, timeouts: {implicit: 0, pageLoad: 300000, script: 30000}, unhandledPromptBehavior: dismiss and notify, webauthn:extension:largeBlob: true, webauthn:virtualAuthenticators: true}
Session ID: 7089583ecd99af76893e8dca38c94964">
      <![CDATA[org.openqa.selenium.WebDriverException: unknown error: cannot determine loading status
from disconnected: received Inspector.detached event
  (Session info: chrome=89.0.4389.90)
Build info: version: '3.141.59', revision: 'e82be7d358', time: '2018-11-14T08:17:03'
System info: host: 'ADMIN-PC', ip: '192.168.1.8', os.name: 'Windows 7', os.arch: 'amd64', os.version: '6.1', java.version: '1.8.0_191'
Driver info: org.openqa.selenium.chrome.ChromeDriver
Capabilities {acceptInsecureCerts: false, browserName: chrome, browserVersion: 89.0.4389.90, chrome: {chromedriverVersion: 88.0.4324.96 (68dba2d8a0b14..., userDataDir: C:\Users\Admin\AppData\Loca...}, goog:chromeOptions: {debuggerAddress: localhost:49221}, javascriptEnabled: true, networkConnectionEnabled: false, pageLoadStrategy: normal, platform: WINDOWS, platformName: WINDOWS, proxy: Proxy(), setWindowRect: true, strictFileInteractability: false, timeouts: {implicit: 0, pageLoad: 300000, script: 30000}, unhandledPromptBehavior: dismiss and notify, webauthn:extension:largeBlob: true, webauthn:virtualAuthenticators: true}
Session ID: 7089583ecd99af76893e8dca38c94964
at org.openqa.selenium.remote.http.W3CHttpResponseCodec.createException(W3CHttpResponseCodec.java:187)
at org.openqa.selenium.remote.http.W3CHttpResponseCodec.decode(W3CHttpResponseCodec.java:122)
at org.openqa.selenium.remote.http.W3CHttpResponseCodec.decode(W3CHttpResponseCodec.java:49)
at org.openqa.selenium.remote.HttpCommandExecutor.execute(HttpCommandExecutor.java:158)
at org.openqa.selenium.remote.service.DriverCommandExecutor.execute(DriverCommandExecutor.java:83)
at org.openqa.selenium.remote.RemoteWebDriver.execute(RemoteWebDriver.java:552)
at org.openqa.selenium.remote.RemoteWebDriver.get(RemoteWebDriver.java:277)
at HMSbase.testbase.initialization(testbase.java:52)
at visiterpage.visiterpagetest.setup(visiterpagetest.java:30)
... Removed 32 stack frames]]>
    </failure>
  </testcase> <!-- @BeforeMethod setup -->
  <testcase name="@AfterMethod teardown" time="0.0" classname="visiterpage.visiterpagetest">
    <skipped/>
  </testcase> <!-- @AfterMethod teardown -->
  <testcase name="@BeforeMethod setup" time="0.0" classname="visiterpage.visiterpagetest">
    <skipped/>
  </testcase> <!-- @BeforeMethod setup -->
  <testcase name="@AfterMethod teardown" time="0.0" classname="visiterpage.visiterpagetest">
    <skipped/>
  </testcase> <!-- @AfterMethod teardown -->
  <testcase name="logintest" time="0.0" classname="hmsadminlogin.loginpagetest">
    <skipped/>
  </testcase> <!-- logintest -->
  <testcase name="logo" time="0.0" classname="hmsadminlogin.loginpagetest">
    <skipped/>
  </testcase> <!-- logo -->
  <testcase name="verifytitle" time="0.0" classname="hmsadminlogin.loginpagetest">
    <skipped/>
  </testcase> <!-- verifytitle -->
  <testcase name="homepagetitle" time="0.0" classname="homepage.homepagetest">
    <skipped/>
  </testcase> <!-- homepagetitle -->
  <testcase name="validatetitle" time="0.0" classname="homepage.homepagetest">
    <skipped/>
  </testcase> <!-- validatetitle -->
  <testcase name="frntoffname" time="0.0" classname="frontoffice.frontofficetest">
    <skipped/>
  </testcase> <!-- frntoffname -->
  <testcase name="validatetitle" time="0.0" classname="frontoffice.frontofficetest">
    <skipped/>
  </testcase> <!-- validatetitle -->
  <testcase name="visbookclick" time="0.0" classname="frontoffice.frontofficetest">
    <skipped/>
  </testcase> <!-- visbookclick -->
  <testcase name="asvisclick" time="0.0" classname="visiterpage.visiterpagetest">
    <skipped/>
  </testcase> <!-- asvisclick -->
  <testcase name="asvisclick" time="0.0" classname="visiterpage.visiterpagetest">
    <skipped/>
  </testcase> <!-- asvisclick -->
</testsuite> <!-- HMS ADMIN LOGIN TESTCASES -->
